2018-05-20 19:39:57 INFO  ContextLoader:305 - Root WebApplicationContext: initialization started
2018-05-20 19:39:57 INFO  AnnotationConfigWebApplicationContext:581 - Refreshing Root WebApplicationContext: startup date [Sun May 20 19:39:57 CDT 2018]; root of context hierarchy
2018-05-20 19:39:57 INFO  AnnotationConfigWebApplicationContext:207 - Registering annotated classes: [class com.packt.naturebesttouch.config.RootApplicationContextConfig]
2018-05-20 19:39:58 INFO  DriverManagerDataSource:133 - Loaded JDBC driver: com.mysql.jdbc.Driver
2018-05-20 19:39:58 INFO  RequestMappingHandlerMapping:537 - Mapped "{[/welcome/greeting]}" onto public java.lang.String com.packt.naturebesttouch.controller.HomeController.greeting()
2018-05-20 19:39:58 INFO  RequestMappingHandlerMapping:537 - Mapped "{[/]}" onto public java.lang.String com.packt.naturebesttouch.controller.HomeController.welcome(org.springframework.ui.Model,org.springframework.web.servlet.mvc.support.RedirectAttributes)
2018-05-20 19:39:58 INFO  RequestMappingHandlerMapping:537 - Mapped "{[/market/products]}" onto public java.lang.String com.packt.naturebesttouch.controller.ProductController.list(org.springframework.ui.Model)
2018-05-20 19:39:58 INFO  RequestMappingHandlerMapping:537 - Mapped "{[/market/webshop/products]}" onto public java.lang.String com.packt.naturebesttouch.controller.ProductController.list2(org.springframework.ui.Model)
2018-05-20 19:39:58 INFO  RequestMappingHandlerMapping:537 - Mapped "{[/market/product]}" onto public java.lang.String com.packt.naturebesttouch.controller.ProductController.getProductsById(org.springframework.ui.Model,java.lang.String)
2018-05-20 19:39:58 INFO  RequestMappingHandlerMapping:537 - Mapped "{[/market/products/add],methods=[POST]}" onto public java.lang.String com.packt.naturebesttouch.controller.ProductController.processAddNewProductForm(com.packt.naturebesttouch.domain.Product,org.springframework.validation.BindingResult,javax.servlet.http.HttpServletRequest)
2018-05-20 19:39:58 INFO  RequestMappingHandlerMapping:537 - Mapped "{[/market/products/add],methods=[GET]}" onto public java.lang.String com.packt.naturebesttouch.controller.ProductController.getAddNewProductForm(org.springframework.ui.Model)
2018-05-20 19:39:58 INFO  RequestMappingHandlerMapping:537 - Mapped "{[/market/products/{category}]}" onto public java.lang.String com.packt.naturebesttouch.controller.ProductController.getProductsByCategory(org.springframework.ui.Model,java.lang.String)
2018-05-20 19:39:58 INFO  RequestMappingHandlerMapping:537 - Mapped "{[/market/update/stock]}" onto public java.lang.String com.packt.naturebesttouch.controller.ProductController.updateStock(org.springframework.ui.Model)
2018-05-20 19:39:58 INFO  RequestMappingHandlerMapping:537 - Mapped "{[/market/product/addSPQ],methods=[GET]}" onto public java.lang.String com.packt.naturebesttouch.controller.ProductSPQController.getAddNewProductSPQForm(org.springframework.ui.Model,java.lang.String)
2018-05-20 19:39:58 INFO  RequestMappingHandlerMapping:537 - Mapped "{[/market/product/addSPQ],methods=[POST]}" onto public java.lang.String com.packt.naturebesttouch.controller.ProductSPQController.processAddNewProductSPQForm(com.packt.naturebesttouch.domain.ProductSizePriceQuantity,java.lang.String,org.springframework.validation.BindingResult)
2018-05-20 19:39:58 INFO  RequestMappingHandlerMapping:537 - Mapped "{[/users]}" onto public java.lang.String com.packt.naturebesttouch.controller.UserController.list(org.springframework.ui.Model)
2018-05-20 19:39:58 INFO  RequestMappingHandlerMapping:537 - Mapped "{[/users/add],methods=[GET]}" onto public java.lang.String com.packt.naturebesttouch.controller.UserController.getAddNewUserForm(org.springframework.ui.Model)
2018-05-20 19:39:58 INFO  RequestMappingHandlerMapping:537 - Mapped "{[/users/add],methods=[POST]}" onto public java.lang.String com.packt.naturebesttouch.controller.UserController.processAddNewUserForm(com.packt.naturebesttouch.domain.User)
2018-05-20 19:39:58 INFO  SimpleUrlHandlerMapping:341 - Mapped URL path [/img/**] onto handler of type [class org.springframework.web.servlet.resource.ResourceHttpRequestHandler]
2018-05-20 19:39:58 INFO  SimpleUrlHandlerMapping:341 - Mapped URL path [/**] onto handler of type [class org.springframework.web.servlet.resource.DefaultServletHttpRequestHandler]
2018-05-20 19:39:59 INFO  RequestMappingHandlerAdapter:534 - Looking for @ControllerAdvice: Root WebApplicationContext: startup date [Sun May 20 19:39:57 CDT 2018]; root of context hierarchy
2018-05-20 19:39:59 INFO  ContextLoader:345 - Root WebApplicationContext: initialization completed in 1466 ms
2018-05-20 19:39:59 INFO  DispatcherServlet:489 - FrameworkServlet 'dispatcher': initialization started
2018-05-20 19:39:59 INFO  AnnotationConfigWebApplicationContext:581 - Refreshing WebApplicationContext for namespace 'dispatcher-servlet': startup date [Sun May 20 19:39:59 CDT 2018]; parent: Root WebApplicationContext
2018-05-20 19:39:59 INFO  AnnotationConfigWebApplicationContext:207 - Registering annotated classes: [class com.packt.naturebesttouch.config.WebApplicationContextConfig]
2018-05-20 19:39:59 INFO  DriverManagerDataSource:133 - Loaded JDBC driver: com.mysql.jdbc.Driver
2018-05-20 19:39:59 INFO  RequestMappingHandlerAdapter:534 - Looking for @ControllerAdvice: WebApplicationContext for namespace 'dispatcher-servlet': startup date [Sun May 20 19:39:59 CDT 2018]; parent: Root WebApplicationContext
2018-05-20 19:39:59 INFO  RequestMappingHandlerMapping:537 - Mapped "{[/welcome/greeting]}" onto public java.lang.String com.packt.naturebesttouch.controller.HomeController.greeting()
2018-05-20 19:39:59 INFO  RequestMappingHandlerMapping:537 - Mapped "{[/]}" onto public java.lang.String com.packt.naturebesttouch.controller.HomeController.welcome(org.springframework.ui.Model,org.springframework.web.servlet.mvc.support.RedirectAttributes)
2018-05-20 19:39:59 INFO  RequestMappingHandlerMapping:537 - Mapped "{[/market/products]}" onto public java.lang.String com.packt.naturebesttouch.controller.ProductController.list(org.springframework.ui.Model)
2018-05-20 19:39:59 INFO  RequestMappingHandlerMapping:537 - Mapped "{[/market/webshop/products]}" onto public java.lang.String com.packt.naturebesttouch.controller.ProductController.list2(org.springframework.ui.Model)
2018-05-20 19:39:59 INFO  RequestMappingHandlerMapping:537 - Mapped "{[/market/product]}" onto public java.lang.String com.packt.naturebesttouch.controller.ProductController.getProductsById(org.springframework.ui.Model,java.lang.String)
2018-05-20 19:39:59 INFO  RequestMappingHandlerMapping:537 - Mapped "{[/market/products/add],methods=[POST]}" onto public java.lang.String com.packt.naturebesttouch.controller.ProductController.processAddNewProductForm(com.packt.naturebesttouch.domain.Product,org.springframework.validation.BindingResult,javax.servlet.http.HttpServletRequest)
2018-05-20 19:39:59 INFO  RequestMappingHandlerMapping:537 - Mapped "{[/market/products/add],methods=[GET]}" onto public java.lang.String com.packt.naturebesttouch.controller.ProductController.getAddNewProductForm(org.springframework.ui.Model)
2018-05-20 19:39:59 INFO  RequestMappingHandlerMapping:537 - Mapped "{[/market/products/{category}]}" onto public java.lang.String com.packt.naturebesttouch.controller.ProductController.getProductsByCategory(org.springframework.ui.Model,java.lang.String)
2018-05-20 19:39:59 INFO  RequestMappingHandlerMapping:537 - Mapped "{[/market/update/stock]}" onto public java.lang.String com.packt.naturebesttouch.controller.ProductController.updateStock(org.springframework.ui.Model)
2018-05-20 19:39:59 INFO  RequestMappingHandlerMapping:537 - Mapped "{[/market/product/addSPQ],methods=[GET]}" onto public java.lang.String com.packt.naturebesttouch.controller.ProductSPQController.getAddNewProductSPQForm(org.springframework.ui.Model,java.lang.String)
2018-05-20 19:39:59 INFO  RequestMappingHandlerMapping:537 - Mapped "{[/market/product/addSPQ],methods=[POST]}" onto public java.lang.String com.packt.naturebesttouch.controller.ProductSPQController.processAddNewProductSPQForm(com.packt.naturebesttouch.domain.ProductSizePriceQuantity,java.lang.String,org.springframework.validation.BindingResult)
2018-05-20 19:39:59 INFO  RequestMappingHandlerMapping:537 - Mapped "{[/users]}" onto public java.lang.String com.packt.naturebesttouch.controller.UserController.list(org.springframework.ui.Model)
2018-05-20 19:39:59 INFO  RequestMappingHandlerMapping:537 - Mapped "{[/users/add],methods=[GET]}" onto public java.lang.String com.packt.naturebesttouch.controller.UserController.getAddNewUserForm(org.springframework.ui.Model)
2018-05-20 19:39:59 INFO  RequestMappingHandlerMapping:537 - Mapped "{[/users/add],methods=[POST]}" onto public java.lang.String com.packt.naturebesttouch.controller.UserController.processAddNewUserForm(com.packt.naturebesttouch.domain.User)
2018-05-20 19:39:59 INFO  SimpleUrlHandlerMapping:341 - Mapped URL path [/**] onto handler of type [class org.springframework.web.servlet.resource.DefaultServletHttpRequestHandler]
2018-05-20 19:39:59 INFO  SimpleUrlHandlerMapping:341 - Mapped URL path [/img/**] onto handler of type [class org.springframework.web.servlet.resource.ResourceHttpRequestHandler]
2018-05-20 19:39:59 INFO  DispatcherServlet:508 - FrameworkServlet 'dispatcher': initialization completed in 209 ms
2018-05-20 19:40:11 INFO  AnnotationConfigWebApplicationContext:982 - Closing WebApplicationContext for namespace 'dispatcher-servlet': startup date [Sun May 20 19:39:59 CDT 2018]; parent: Root WebApplicationContext
2018-05-20 19:40:11 INFO  AnnotationConfigWebApplicationContext:982 - Closing Root WebApplicationContext: startup date [Sun May 20 19:39:57 CDT 2018]; root of context hierarchy
2018-05-20 19:40:14 INFO  ContextLoader:305 - Root WebApplicationContext: initialization started
2018-05-20 19:40:14 INFO  AnnotationConfigWebApplicationContext:581 - Refreshing Root WebApplicationContext: startup date [Sun May 20 19:40:14 CDT 2018]; root of context hierarchy
2018-05-20 19:40:14 INFO  AnnotationConfigWebApplicationContext:207 - Registering annotated classes: [class com.packt.naturebesttouch.config.RootApplicationContextConfig]
2018-05-20 19:40:15 INFO  DriverManagerDataSource:133 - Loaded JDBC driver: com.mysql.jdbc.Driver
2018-05-20 19:40:15 INFO  RequestMappingHandlerMapping:537 - Mapped "{[/welcome/greeting]}" onto public java.lang.String com.packt.naturebesttouch.controller.HomeController.greeting()
2018-05-20 19:40:15 INFO  RequestMappingHandlerMapping:537 - Mapped "{[/]}" onto public java.lang.String com.packt.naturebesttouch.controller.HomeController.welcome(org.springframework.ui.Model,org.springframework.web.servlet.mvc.support.RedirectAttributes)
2018-05-20 19:40:15 INFO  RequestMappingHandlerMapping:537 - Mapped "{[/market/products]}" onto public java.lang.String com.packt.naturebesttouch.controller.ProductController.list(org.springframework.ui.Model)
2018-05-20 19:40:15 INFO  RequestMappingHandlerMapping:537 - Mapped "{[/market/webshop/products]}" onto public java.lang.String com.packt.naturebesttouch.controller.ProductController.list2(org.springframework.ui.Model)
2018-05-20 19:40:15 INFO  RequestMappingHandlerMapping:537 - Mapped "{[/market/product]}" onto public java.lang.String com.packt.naturebesttouch.controller.ProductController.getProductsById(org.springframework.ui.Model,java.lang.String)
2018-05-20 19:40:15 INFO  RequestMappingHandlerMapping:537 - Mapped "{[/market/products/add],methods=[POST]}" onto public java.lang.String com.packt.naturebesttouch.controller.ProductController.processAddNewProductForm(com.packt.naturebesttouch.domain.Product,org.springframework.validation.BindingResult,javax.servlet.http.HttpServletRequest)
2018-05-20 19:40:15 INFO  RequestMappingHandlerMapping:537 - Mapped "{[/market/products/add],methods=[GET]}" onto public java.lang.String com.packt.naturebesttouch.controller.ProductController.getAddNewProductForm(org.springframework.ui.Model)
2018-05-20 19:40:15 INFO  RequestMappingHandlerMapping:537 - Mapped "{[/market/products/{category}]}" onto public java.lang.String com.packt.naturebesttouch.controller.ProductController.getProductsByCategory(org.springframework.ui.Model,java.lang.String)
2018-05-20 19:40:15 INFO  RequestMappingHandlerMapping:537 - Mapped "{[/market/update/stock]}" onto public java.lang.String com.packt.naturebesttouch.controller.ProductController.updateStock(org.springframework.ui.Model)
2018-05-20 19:40:15 INFO  RequestMappingHandlerMapping:537 - Mapped "{[/market/product/addSPQ],methods=[GET]}" onto public java.lang.String com.packt.naturebesttouch.controller.ProductSPQController.getAddNewProductSPQForm(org.springframework.ui.Model,java.lang.String)
2018-05-20 19:40:15 INFO  RequestMappingHandlerMapping:537 - Mapped "{[/market/product/addSPQ],methods=[POST]}" onto public java.lang.String com.packt.naturebesttouch.controller.ProductSPQController.processAddNewProductSPQForm(com.packt.naturebesttouch.domain.ProductSizePriceQuantity,java.lang.String,org.springframework.validation.BindingResult)
2018-05-20 19:40:15 INFO  RequestMappingHandlerMapping:537 - Mapped "{[/users]}" onto public java.lang.String com.packt.naturebesttouch.controller.UserController.list(org.springframework.ui.Model)
2018-05-20 19:40:15 INFO  RequestMappingHandlerMapping:537 - Mapped "{[/users/add],methods=[GET]}" onto public java.lang.String com.packt.naturebesttouch.controller.UserController.getAddNewUserForm(org.springframework.ui.Model)
2018-05-20 19:40:15 INFO  RequestMappingHandlerMapping:537 - Mapped "{[/users/add],methods=[POST]}" onto public java.lang.String com.packt.naturebesttouch.controller.UserController.processAddNewUserForm(com.packt.naturebesttouch.domain.User)
2018-05-20 19:40:15 INFO  SimpleUrlHandlerMapping:341 - Mapped URL path [/img/**] onto handler of type [class org.springframework.web.servlet.resource.ResourceHttpRequestHandler]
2018-05-20 19:40:15 INFO  SimpleUrlHandlerMapping:341 - Mapped URL path [/**] onto handler of type [class org.springframework.web.servlet.resource.DefaultServletHttpRequestHandler]
2018-05-20 19:40:15 INFO  RequestMappingHandlerAdapter:534 - Looking for @ControllerAdvice: Root WebApplicationContext: startup date [Sun May 20 19:40:14 CDT 2018]; root of context hierarchy
2018-05-20 19:40:16 INFO  ContextLoader:345 - Root WebApplicationContext: initialization completed in 1533 ms
2018-05-20 19:40:16 INFO  DispatcherServlet:489 - FrameworkServlet 'dispatcher': initialization started
2018-05-20 19:40:16 INFO  AnnotationConfigWebApplicationContext:581 - Refreshing WebApplicationContext for namespace 'dispatcher-servlet': startup date [Sun May 20 19:40:16 CDT 2018]; parent: Root WebApplicationContext
2018-05-20 19:40:16 INFO  AnnotationConfigWebApplicationContext:207 - Registering annotated classes: [class com.packt.naturebesttouch.config.WebApplicationContextConfig]
2018-05-20 19:40:16 INFO  DriverManagerDataSource:133 - Loaded JDBC driver: com.mysql.jdbc.Driver
2018-05-20 19:40:16 INFO  RequestMappingHandlerAdapter:534 - Looking for @ControllerAdvice: WebApplicationContext for namespace 'dispatcher-servlet': startup date [Sun May 20 19:40:16 CDT 2018]; parent: Root WebApplicationContext
2018-05-20 19:40:16 INFO  RequestMappingHandlerMapping:537 - Mapped "{[/welcome/greeting]}" onto public java.lang.String com.packt.naturebesttouch.controller.HomeController.greeting()
2018-05-20 19:40:16 INFO  RequestMappingHandlerMapping:537 - Mapped "{[/]}" onto public java.lang.String com.packt.naturebesttouch.controller.HomeController.welcome(org.springframework.ui.Model,org.springframework.web.servlet.mvc.support.RedirectAttributes)
2018-05-20 19:40:16 INFO  RequestMappingHandlerMapping:537 - Mapped "{[/market/products]}" onto public java.lang.String com.packt.naturebesttouch.controller.ProductController.list(org.springframework.ui.Model)
2018-05-20 19:40:16 INFO  RequestMappingHandlerMapping:537 - Mapped "{[/market/webshop/products]}" onto public java.lang.String com.packt.naturebesttouch.controller.ProductController.list2(org.springframework.ui.Model)
2018-05-20 19:40:16 INFO  RequestMappingHandlerMapping:537 - Mapped "{[/market/product]}" onto public java.lang.String com.packt.naturebesttouch.controller.ProductController.getProductsById(org.springframework.ui.Model,java.lang.String)
2018-05-20 19:40:16 INFO  RequestMappingHandlerMapping:537 - Mapped "{[/market/products/add],methods=[POST]}" onto public java.lang.String com.packt.naturebesttouch.controller.ProductController.processAddNewProductForm(com.packt.naturebesttouch.domain.Product,org.springframework.validation.BindingResult,javax.servlet.http.HttpServletRequest)
2018-05-20 19:40:16 INFO  RequestMappingHandlerMapping:537 - Mapped "{[/market/products/add],methods=[GET]}" onto public java.lang.String com.packt.naturebesttouch.controller.ProductController.getAddNewProductForm(org.springframework.ui.Model)
2018-05-20 19:40:16 INFO  RequestMappingHandlerMapping:537 - Mapped "{[/market/products/{category}]}" onto public java.lang.String com.packt.naturebesttouch.controller.ProductController.getProductsByCategory(org.springframework.ui.Model,java.lang.String)
2018-05-20 19:40:16 INFO  RequestMappingHandlerMapping:537 - Mapped "{[/market/update/stock]}" onto public java.lang.String com.packt.naturebesttouch.controller.ProductController.updateStock(org.springframework.ui.Model)
2018-05-20 19:40:16 INFO  RequestMappingHandlerMapping:537 - Mapped "{[/market/product/addSPQ],methods=[GET]}" onto public java.lang.String com.packt.naturebesttouch.controller.ProductSPQController.getAddNewProductSPQForm(org.springframework.ui.Model,java.lang.String)
2018-05-20 19:40:16 INFO  RequestMappingHandlerMapping:537 - Mapped "{[/market/product/addSPQ],methods=[POST]}" onto public java.lang.String com.packt.naturebesttouch.controller.ProductSPQController.processAddNewProductSPQForm(com.packt.naturebesttouch.domain.ProductSizePriceQuantity,java.lang.String,org.springframework.validation.BindingResult)
2018-05-20 19:40:16 INFO  RequestMappingHandlerMapping:537 - Mapped "{[/users]}" onto public java.lang.String com.packt.naturebesttouch.controller.UserController.list(org.springframework.ui.Model)
2018-05-20 19:40:16 INFO  RequestMappingHandlerMapping:537 - Mapped "{[/users/add],methods=[GET]}" onto public java.lang.String com.packt.naturebesttouch.controller.UserController.getAddNewUserForm(org.springframework.ui.Model)
2018-05-20 19:40:16 INFO  RequestMappingHandlerMapping:537 - Mapped "{[/users/add],methods=[POST]}" onto public java.lang.String com.packt.naturebesttouch.controller.UserController.processAddNewUserForm(com.packt.naturebesttouch.domain.User)
2018-05-20 19:40:16 INFO  SimpleUrlHandlerMapping:341 - Mapped URL path [/**] onto handler of type [class org.springframework.web.servlet.resource.DefaultServletHttpRequestHandler]
2018-05-20 19:40:16 INFO  SimpleUrlHandlerMapping:341 - Mapped URL path [/img/**] onto handler of type [class org.springframework.web.servlet.resource.ResourceHttpRequestHandler]
2018-05-20 19:40:16 INFO  DispatcherServlet:508 - FrameworkServlet 'dispatcher': initialization completed in 193 ms
2018-05-20 19:40:42 INFO  AnnotationConfigWebApplicationContext:982 - Closing WebApplicationContext for namespace 'dispatcher-servlet': startup date [Sun May 20 19:40:16 CDT 2018]; parent: Root WebApplicationContext
2018-05-20 19:40:42 INFO  AnnotationConfigWebApplicationContext:982 - Closing Root WebApplicationContext: startup date [Sun May 20 19:40:14 CDT 2018]; root of context hierarchy
2018-05-20 19:40:58 INFO  ContextLoader:305 - Root WebApplicationContext: initialization started
2018-05-20 19:40:58 INFO  AnnotationConfigWebApplicationContext:581 - Refreshing Root WebApplicationContext: startup date [Sun May 20 19:40:58 CDT 2018]; root of context hierarchy
2018-05-20 19:40:59 INFO  AnnotationConfigWebApplicationContext:207 - Registering annotated classes: [class com.packt.naturebesttouch.config.RootApplicationContextConfig]
2018-05-20 19:40:59 INFO  DriverManagerDataSource:133 - Loaded JDBC driver: com.mysql.jdbc.Driver
2018-05-20 19:40:59 INFO  RequestMappingHandlerMapping:537 - Mapped "{[/]}" onto public java.lang.String com.packt.naturebesttouch.controller.HomeController.welcome(org.springframework.ui.Model,org.springframework.web.servlet.mvc.support.RedirectAttributes)
2018-05-20 19:40:59 INFO  RequestMappingHandlerMapping:537 - Mapped "{[/welcome/greeting]}" onto public java.lang.String com.packt.naturebesttouch.controller.HomeController.greeting()
2018-05-20 19:40:59 INFO  RequestMappingHandlerMapping:537 - Mapped "{[/market/products]}" onto public java.lang.String com.packt.naturebesttouch.controller.ProductController.list(org.springframework.ui.Model)
2018-05-20 19:40:59 INFO  RequestMappingHandlerMapping:537 - Mapped "{[/market/update/stock]}" onto public java.lang.String com.packt.naturebesttouch.controller.ProductController.updateStock(org.springframework.ui.Model)
2018-05-20 19:40:59 INFO  RequestMappingHandlerMapping:537 - Mapped "{[/market/webshop/products]}" onto public java.lang.String com.packt.naturebesttouch.controller.ProductController.list2(org.springframework.ui.Model)
2018-05-20 19:40:59 INFO  RequestMappingHandlerMapping:537 - Mapped "{[/market/product]}" onto public java.lang.String com.packt.naturebesttouch.controller.ProductController.getProductsById(org.springframework.ui.Model,java.lang.String)
2018-05-20 19:40:59 INFO  RequestMappingHandlerMapping:537 - Mapped "{[/market/products/{category}]}" onto public java.lang.String com.packt.naturebesttouch.controller.ProductController.getProductsByCategory(org.springframework.ui.Model,java.lang.String)
2018-05-20 19:40:59 INFO  RequestMappingHandlerMapping:537 - Mapped "{[/market/products/add],methods=[GET]}" onto public java.lang.String com.packt.naturebesttouch.controller.ProductController.getAddNewProductForm(org.springframework.ui.Model)
2018-05-20 19:40:59 INFO  RequestMappingHandlerMapping:537 - Mapped "{[/market/products/add],methods=[POST]}" onto public java.lang.String com.packt.naturebesttouch.controller.ProductController.processAddNewProductForm(com.packt.naturebesttouch.domain.Product,org.springframework.validation.BindingResult,javax.servlet.http.HttpServletRequest)
2018-05-20 19:40:59 INFO  RequestMappingHandlerMapping:537 - Mapped "{[/market/product/addSPQ],methods=[POST]}" onto public java.lang.String com.packt.naturebesttouch.controller.ProductSPQController.processAddNewProductSPQForm(com.packt.naturebesttouch.domain.ProductSizePriceQuantity,java.lang.String,org.springframework.validation.BindingResult)
2018-05-20 19:40:59 INFO  RequestMappingHandlerMapping:537 - Mapped "{[/market/product/addSPQ],methods=[GET]}" onto public java.lang.String com.packt.naturebesttouch.controller.ProductSPQController.getAddNewProductSPQForm(org.springframework.ui.Model,java.lang.String)
2018-05-20 19:40:59 INFO  RequestMappingHandlerMapping:537 - Mapped "{[/users]}" onto public java.lang.String com.packt.naturebesttouch.controller.UserController.list(org.springframework.ui.Model)
2018-05-20 19:40:59 INFO  RequestMappingHandlerMapping:537 - Mapped "{[/users/add],methods=[GET]}" onto public java.lang.String com.packt.naturebesttouch.controller.UserController.getAddNewUserForm(org.springframework.ui.Model)
2018-05-20 19:40:59 INFO  RequestMappingHandlerMapping:537 - Mapped "{[/users/add],methods=[POST]}" onto public java.lang.String com.packt.naturebesttouch.controller.UserController.processAddNewUserForm(com.packt.naturebesttouch.domain.User)
2018-05-20 19:41:00 INFO  SimpleUrlHandlerMapping:341 - Mapped URL path [/img/**] onto handler of type [class org.springframework.web.servlet.resource.ResourceHttpRequestHandler]
2018-05-20 19:41:00 INFO  SimpleUrlHandlerMapping:341 - Mapped URL path [/**] onto handler of type [class org.springframework.web.servlet.resource.DefaultServletHttpRequestHandler]
2018-05-20 19:41:00 INFO  RequestMappingHandlerAdapter:534 - Looking for @ControllerAdvice: Root WebApplicationContext: startup date [Sun May 20 19:40:58 CDT 2018]; root of context hierarchy
2018-05-20 19:41:00 INFO  ContextLoader:345 - Root WebApplicationContext: initialization completed in 1632 ms
2018-05-20 19:41:00 INFO  DispatcherServlet:489 - FrameworkServlet 'dispatcher': initialization started
2018-05-20 19:41:00 INFO  AnnotationConfigWebApplicationContext:581 - Refreshing WebApplicationContext for namespace 'dispatcher-servlet': startup date [Sun May 20 19:41:00 CDT 2018]; parent: Root WebApplicationContext
2018-05-20 19:41:00 INFO  AnnotationConfigWebApplicationContext:207 - Registering annotated classes: [class com.packt.naturebesttouch.config.WebApplicationContextConfig]
2018-05-20 19:41:00 INFO  DriverManagerDataSource:133 - Loaded JDBC driver: com.mysql.jdbc.Driver
2018-05-20 19:41:00 INFO  RequestMappingHandlerMapping:537 - Mapped "{[/]}" onto public java.lang.String com.packt.naturebesttouch.controller.HomeController.welcome(org.springframework.ui.Model,org.springframework.web.servlet.mvc.support.RedirectAttributes)
2018-05-20 19:41:00 INFO  RequestMappingHandlerMapping:537 - Mapped "{[/welcome/greeting]}" onto public java.lang.String com.packt.naturebesttouch.controller.HomeController.greeting()
2018-05-20 19:41:00 INFO  RequestMappingHandlerMapping:537 - Mapped "{[/market/products]}" onto public java.lang.String com.packt.naturebesttouch.controller.ProductController.list(org.springframework.ui.Model)
2018-05-20 19:41:00 INFO  RequestMappingHandlerMapping:537 - Mapped "{[/market/update/stock]}" onto public java.lang.String com.packt.naturebesttouch.controller.ProductController.updateStock(org.springframework.ui.Model)
2018-05-20 19:41:00 INFO  RequestMappingHandlerMapping:537 - Mapped "{[/market/webshop/products]}" onto public java.lang.String com.packt.naturebesttouch.controller.ProductController.list2(org.springframework.ui.Model)
2018-05-20 19:41:00 INFO  RequestMappingHandlerMapping:537 - Mapped "{[/market/product]}" onto public java.lang.String com.packt.naturebesttouch.controller.ProductController.getProductsById(org.springframework.ui.Model,java.lang.String)
2018-05-20 19:41:00 INFO  RequestMappingHandlerMapping:537 - Mapped "{[/market/products/{category}]}" onto public java.lang.String com.packt.naturebesttouch.controller.ProductController.getProductsByCategory(org.springframework.ui.Model,java.lang.String)
2018-05-20 19:41:00 INFO  RequestMappingHandlerMapping:537 - Mapped "{[/market/products/add],methods=[GET]}" onto public java.lang.String com.packt.naturebesttouch.controller.ProductController.getAddNewProductForm(org.springframework.ui.Model)
2018-05-20 19:41:00 INFO  RequestMappingHandlerMapping:537 - Mapped "{[/market/products/add],methods=[POST]}" onto public java.lang.String com.packt.naturebesttouch.controller.ProductController.processAddNewProductForm(com.packt.naturebesttouch.domain.Product,org.springframework.validation.BindingResult,javax.servlet.http.HttpServletRequest)
2018-05-20 19:41:00 INFO  RequestMappingHandlerMapping:537 - Mapped "{[/market/product/addSPQ],methods=[POST]}" onto public java.lang.String com.packt.naturebesttouch.controller.ProductSPQController.processAddNewProductSPQForm(com.packt.naturebesttouch.domain.ProductSizePriceQuantity,java.lang.String,org.springframework.validation.BindingResult)
2018-05-20 19:41:00 INFO  RequestMappingHandlerMapping:537 - Mapped "{[/market/product/addSPQ],methods=[GET]}" onto public java.lang.String com.packt.naturebesttouch.controller.ProductSPQController.getAddNewProductSPQForm(org.springframework.ui.Model,java.lang.String)
2018-05-20 19:41:00 INFO  RequestMappingHandlerMapping:537 - Mapped "{[/users]}" onto public java.lang.String com.packt.naturebesttouch.controller.UserController.list(org.springframework.ui.Model)
2018-05-20 19:41:00 INFO  RequestMappingHandlerMapping:537 - Mapped "{[/users/add],methods=[GET]}" onto public java.lang.String com.packt.naturebesttouch.controller.UserController.getAddNewUserForm(org.springframework.ui.Model)
2018-05-20 19:41:00 INFO  RequestMappingHandlerMapping:537 - Mapped "{[/users/add],methods=[POST]}" onto public java.lang.String com.packt.naturebesttouch.controller.UserController.processAddNewUserForm(com.packt.naturebesttouch.domain.User)
2018-05-20 19:41:00 INFO  SimpleUrlHandlerMapping:341 - Mapped URL path [/**] onto handler of type [class org.springframework.web.servlet.resource.DefaultServletHttpRequestHandler]
2018-05-20 19:41:00 INFO  RequestMappingHandlerAdapter:534 - Looking for @ControllerAdvice: WebApplicationContext for namespace 'dispatcher-servlet': startup date [Sun May 20 19:41:00 CDT 2018]; parent: Root WebApplicationContext
2018-05-20 19:41:00 INFO  SimpleUrlHandlerMapping:341 - Mapped URL path [/img/**] onto handler of type [class org.springframework.web.servlet.resource.ResourceHttpRequestHandler]
2018-05-20 19:41:00 INFO  DispatcherServlet:508 - FrameworkServlet 'dispatcher': initialization completed in 231 ms
2018-05-20 19:41:01 INFO  ProcessingTimeLogInterceptor:32 - 55 millisecond taken to process the request http://localhost:8080/naturebesttouch/.
2018-05-20 19:41:01 INFO  ProcessingTimeLogInterceptor:32 - 1 millisecond taken to process the request http://localhost:8080/naturebesttouch/welcome/greeting.
2018-05-20 19:41:14 INFO  ProcessingTimeLogInterceptor:32 - 349 millisecond taken to process the request http://localhost:8080/naturebesttouch/market/products.
2018-05-20 19:42:30 INFO  AnnotationConfigWebApplicationContext:982 - Closing WebApplicationContext for namespace 'dispatcher-servlet': startup date [Sun May 20 19:41:00 CDT 2018]; parent: Root WebApplicationContext
2018-05-20 19:42:30 INFO  AnnotationConfigWebApplicationContext:982 - Closing Root WebApplicationContext: startup date [Sun May 20 19:40:58 CDT 2018]; root of context hierarchy
